<?xml version="1.0" encoding="UTF-8"?>
<testsuite xmlns:xsi="http://www.w3.org/2001/XMLSchema-instance" xsi:noNamespaceSchemaLocation="https://maven.apache.org/surefire/maven-failsafe-plugin/xsd/failsafe-test-report-3.0.xsd" version="3.0" name="starter.stepdefinitions.CucumberTestSuite" time="26.535" tests="5" errors="0" skipped="0" failures="0">
  <properties>
[...]
</properties>
  <testcase name="As user i able to be succesfully login" classname="Login" time="5.867">
    <system-out><![CDATA[19:44:08.205 [main] INFO io.cucumber.core.plugin.SerenityReporter - Running feature from file:///D:/Web_Final%20Project%20KM%20Quality%20Engineer/src/test/resources/features/Login.feature
19:44:09.372 [main] INFO  - 

-------------------------------------------------------------------------------------
     _______. _______ .______       _______ .__   __.  __  .___________.____    ____ 
    /       ||   ____||   _  \     |   ____||  \ |  | |  | |           |\   \  /   / 
   |   (----`|  |__   |  |_)  |    |  |__   |   \|  | |  | `---|  |----` \   \/   /  
    \   \    |   __|  |      /     |   __|  |  . `  | |  |     |  |       \_    _/   
.----)   |   |  |____ |  |\  \----.|  |____ |  |\   | |  |     |  |         |  |     
|_______/    |_______|| _| `._____||_______||__| \__| |__|     |__|         |__|    
                                                                                     
 News and tutorials at http://www.serenity-bdd.info                                  
 Documentation at https://wakaleo.gitbooks.io/the-serenity-book/content/             
 Join the Serenity Community on Gitter: https://gitter.im/serenity-bdd/serenity-core 
 Serenity BDD Support and Training at http://serenity-bdd.info/#/trainingandsupport  
-------------------------------------------------------------------------------------

19:44:09.392 [main] DEBUG net.thucydides.core.steps.StepEventBus - Test suite started for story net.thucydides.core.model.Story@23282f08
19:44:09.427 [main] INFO  - Test Suite Started: Login
19:44:09.521 [main] INFO io.cucumber.core.plugin.SerenityReporter - Running feature from file:///D:/Web_Final%20Project%20KM%20Quality%20Engineer/src/test/resources/features/Logout.feature
19:44:09.544 [main] DEBUG net.thucydides.core.steps.StepEventBus - Test suite started for story net.thucydides.core.model.Story@7960de68
19:44:09.549 [main] INFO  - Test Suite Started: Logout
19:44:09.550 [main] INFO io.cucumber.core.plugin.SerenityReporter - Running feature from file:///D:/Web_Final%20Project%20KM%20Quality%20Engineer/src/test/resources/features/OrderCheckEmpty.feature
19:44:09.568 [main] DEBUG net.thucydides.core.steps.StepEventBus - Test suite started for story net.thucydides.core.model.Story@c9c72bd2
19:44:09.571 [main] INFO  - Test Suite Started: Order Check Empty
19:44:09.572 [main] INFO io.cucumber.core.plugin.SerenityReporter - Running feature from file:///D:/Web_Final%20Project%20KM%20Quality%20Engineer/src/test/resources/features/OrderCheckNotEmpty.feature
19:44:09.590 [main] DEBUG net.thucydides.core.steps.StepEventBus - Test suite started for story net.thucydides.core.model.Story@575798ed
19:44:09.595 [main] INFO  - Test Suite Started: Order Check Not Empty
19:44:09.596 [main] INFO io.cucumber.core.plugin.SerenityReporter - Running feature from file:///D:/Web_Final%20Project%20KM%20Quality%20Engineer/src/test/resources/features/Register.feature
19:44:09.615 [main] DEBUG net.thucydides.core.steps.StepEventBus - Test suite started for story net.thucydides.core.model.Story@30e75088
19:44:09.618 [main] INFO  - Test Suite Started: Register
19:44:09.623 [main] INFO io.cucumber.core.plugin.SerenityReporter - Running feature from file:///D:/Web_Final%20Project%20KM%20Quality%20Engineer/src/test/resources/features/Login.feature
19:44:09.630 [main] DEBUG net.thucydides.core.steps.StepEventBus - Test suite started for story net.thucydides.core.model.Story@23282f08
19:44:09.632 [main] INFO  - Test Suite Started: Login

Scenario: As user i able to be succesfully login &amp#27;[90m# src/test/resources/features/Login.feature:6&amp#27;[0m
19:44:10.490 [main] INFO io.cucumber.core.plugin.SerenityReporter - Running feature from file:///D:/Web_Final%20Project%20KM%20Quality%20Engineer/src/test/resources/features/Login.feature
19:44:11.073 [main] INFO  - 
  _____   ___   ___   _____     ___   _____     _     ___   _____   ___   ___  
 |_   _| | __| / __| |_   _|   / __| |_   _|   /_\   | _ \ |_   _| | __| |   \ 
   | |   | _|  \__ \   | |     \__ \   | |    / _ \  |   /   | |   | _|  | |) |
   |_|   |___| |___/   |_|     |___/   |_|   /_/ \_\ |_|_\   |_|   |___| |___/ 

As user i able to be succesfully login(login;as-user-i-able-to-be-succesfully-login)
--------------------------------------------------------------------------------
19:44:14.749 [main] DEBUG net.thucydides.core.steps.StepInterceptor - STARTING STEP: LoginSteps.onTheLoginPage - I am on login page website for login
I am on login page website for login
19:44:14.767 [main] DEBUG net.thucydides.core.steps.StepInterceptor - STEP DONE: I am on login page website for login
19:44:14.811 [main] DEBUG net.thucydides.core.steps.StepInterceptor - STARTING STEP: LoginSteps.onTheLoginPage - openPage
19:44:14.815 [main] DEBUG net.thucydides.core.steps.StepInterceptor - STEP DONE: openPage
19:44:14.851 [main] DEBUG net.thucydides.core.steps.StepInterceptor - STARTING STEP: LoginSteps.onTheLoginPage - validateOnTheLoginPage
19:44:15.097 [main] DEBUG net.thucydides.core.steps.StepInterceptor - STEP DONE: validateOnTheLoginPage
  &amp#27;[32mGiven &amp#27;[0m&amp#27;[32mI am on login page website for login&amp#27;[0m     &amp#27;[90m# starter.stepdefinitions.LoginSteps.onTheLoginPage()&amp#27;[0m
19:44:15.227 [main] DEBUG net.thucydides.core.steps.StepInterceptor - STARTING STEP: LoginSteps.inputValidEmail - I am input valid email for login
I am input valid email for login
19:44:15.234 [main] DEBUG net.thucydides.core.steps.StepInterceptor - STEP DONE: I am input valid email for login
19:44:15.262 [main] DEBUG net.thucydides.core.steps.StepInterceptor - STARTING STEP: LoginSteps.inputValidEmail - inputEmail
19:44:15.293 [main] DEBUG net.thucydides.core.steps.StepInterceptor - STEP DONE: inputEmail
  &amp#27;[32mWhen &amp#27;[0m&amp#27;[32mI am input valid email for login&amp#27;[0m          &amp#27;[90m# starter.stepdefinitions.LoginSteps.inputValidEmail()&amp#27;[0m
19:44:15.314 [main] DEBUG net.thucydides.core.steps.StepInterceptor - STARTING STEP: LoginSteps.inputValidPassword - I am input valid password for login
I am input valid password for login
19:44:15.325 [main] DEBUG net.thucydides.core.steps.StepInterceptor - STEP DONE: I am input valid password for login
19:44:15.333 [main] DEBUG net.thucydides.core.steps.StepInterceptor - STARTING STEP: LoginSteps.inputValidPassword - inputPassword
19:44:15.349 [main] DEBUG net.thucydides.core.steps.StepInterceptor - STEP DONE: inputPassword
  &amp#27;[32mAnd &amp#27;[0m&amp#27;[32mI am input valid password for login&amp#27;[0m        &amp#27;[90m# starter.stepdefinitions.LoginSteps.inputValidPassword()&amp#27;[0m
19:44:15.396 [main] DEBUG net.thucydides.core.steps.StepInterceptor - STARTING STEP: LoginSteps.clickButtonLogin - I click button login for login
I click button login for login
19:44:15.397 [main] DEBUG net.thucydides.core.steps.StepInterceptor - STEP DONE: I click button login for login
19:44:15.408 [main] DEBUG net.thucydides.core.steps.StepInterceptor - STARTING STEP: LoginSteps.clickButtonLogin - clickLoginButton
19:44:15.448 [main] DEBUG net.thucydides.core.steps.StepInterceptor - STEP DONE: clickLoginButton
  &amp#27;[32mAnd &amp#27;[0m&amp#27;[32mI click button login for login&amp#27;[0m             &amp#27;[90m# starter.stepdefinitions.LoginSteps.clickButtonLogin()&amp#27;[0m
19:44:15.463 [main] DEBUG net.thucydides.core.steps.StepInterceptor - STARTING STEP: LoginSteps.onTheHomePageForLogin - I am on the home page for login
I am on the home page for login
19:44:15.466 [main] DEBUG net.thucydides.core.steps.StepInterceptor - STEP DONE: I am on the home page for login
19:44:15.473 [main] DEBUG net.thucydides.core.steps.StepInterceptor - STARTING STEP: LoginSteps.onTheHomePageForLogin - validateOnTheHomePage
19:44:15.481 [main] DEBUG net.thucydides.core.steps.StepInterceptor - STEP DONE: validateOnTheHomePage
  &amp#27;[32mThen &amp#27;[0m&amp#27;[32mI am on the home page for login&amp#27;[0m           &amp#27;[90m# starter.stepdefinitions.LoginSteps.onTheHomePageForLogin()&amp#27;[0m
19:44:15.493 [main] INFO  - 
  _____   ___   ___   _____     ___     _     ___   ___   ___   ___  
 |_   _| | __| / __| |_   _|   | _ \   /_\   / __| / __| | __| |   \ 
   | |   | _|  \__ \   | |     |  _/  / _ \  \__ \ \__ \ | _|  | |) |
   |_|   |___| |___/   |_|     |_|   /_/ \_\ |___/ |___/ |___| |___/ 

As user i able to be succesfully login
----------------------------------------------------------------------
]]></system-out>
  </testcase>
  <testcase name="As user i able to be successfully logout" classname="Logout" time="1.258">
    <system-out><![CDATA[19:44:15.515 [main] INFO io.cucumber.core.plugin.SerenityReporter - Running feature from file:///D:/Web_Final%20Project%20KM%20Quality%20Engineer/src/test/resources/features/Logout.feature
19:44:15.528 [main] DEBUG net.thucydides.core.steps.StepEventBus - Test suite started for story net.thucydides.core.model.Story@7960de68
19:44:15.530 [main] INFO  - Test Suite Started: Logout

Scenario: As user i able to be successfully logout             &amp#27;[90m# src/test/resources/features/Logout.feature:6&amp#27;[0m
19:44:15.585 [main] INFO io.cucumber.core.plugin.SerenityReporter - Running feature from file:///D:/Web_Final%20Project%20KM%20Quality%20Engineer/src/test/resources/features/Logout.feature
19:44:15.590 [main] INFO  - 
  _____   ___   ___   _____     ___   _____     _     ___   _____   ___   ___  
 |_   _| | __| / __| |_   _|   / __| |_   _|   /_\   | _ \ |_   _| | __| |   \ 
   | |   | _|  \__ \   | |     \__ \   | |    / _ \  |   /   | |   | _|  | |) |
   |_|   |___| |___/   |_|     |___/   |_|   /_/ \_\ |_|_\   |_|   |___| |___/ 

As user i able to be successfully logout(logout;as-user-i-able-to-be-successfully-logout)
--------------------------------------------------------------------------------
19:44:16.133 [main] DEBUG net.thucydides.core.steps.StepInterceptor - STARTING STEP: LogoutSteps.onTheLoginPageForLogout - I am on login page website for logout
I am on login page website for logout
19:44:16.134 [main] DEBUG net.thucydides.core.steps.StepInterceptor - STEP DONE: I am on login page website for logout
19:44:16.140 [main] DEBUG net.thucydides.core.steps.StepInterceptor - STARTING STEP: LogoutSteps.onTheLoginPageForLogout - openPage
19:44:16.141 [main] DEBUG net.thucydides.core.steps.StepInterceptor - STEP DONE: openPage
19:44:16.147 [main] DEBUG net.thucydides.core.steps.StepInterceptor - STARTING STEP: LogoutSteps.onTheLoginPageForLogout - validateOnTheLoginPage
19:44:16.157 [main] DEBUG net.thucydides.core.steps.StepInterceptor - STEP DONE: validateOnTheLoginPage
  &amp#27;[32mGiven &amp#27;[0m&amp#27;[32mI am on login page website for logout&amp#27;[0m                  &amp#27;[90m# starter.stepdefinitions.LogoutSteps.onTheLoginPageForLogout()&amp#27;[0m
19:44:16.176 [main] DEBUG net.thucydides.core.steps.StepInterceptor - STARTING STEP: LogoutSteps.inputValidEmail - I am input valid email for logout
I am input valid email for logout
19:44:16.177 [main] DEBUG net.thucydides.core.steps.StepInterceptor - STEP DONE: I am input valid email for logout
19:44:16.203 [main] DEBUG net.thucydides.core.steps.StepInterceptor - STARTING STEP: LogoutSteps.inputValidEmail - inputEmail
19:44:16.258 [main] DEBUG net.thucydides.core.steps.StepInterceptor - STEP DONE: inputEmail
  &amp#27;[32mWhen &amp#27;[0m&amp#27;[32mI am input valid email for logout&amp#27;[0m                       &amp#27;[90m# starter.stepdefinitions.LogoutSteps.inputValidEmail()&amp#27;[0m
19:44:16.311 [main] DEBUG net.thucydides.core.steps.StepInterceptor - STARTING STEP: LogoutSteps.inputValidPassword - I am input valid password for logout
I am input valid password for logout
19:44:16.312 [main] DEBUG net.thucydides.core.steps.StepInterceptor - STEP DONE: I am input valid password for logout
19:44:16.441 [main] DEBUG net.thucydides.core.steps.StepInterceptor - STARTING STEP: LogoutSteps.inputValidPassword - inputPassword
19:44:16.464 [main] DEBUG net.thucydides.core.steps.StepInterceptor - STEP DONE: inputPassword
  &amp#27;[32mAnd &amp#27;[0m&amp#27;[32mI am input valid password for logout&amp#27;[0m                     &amp#27;[90m# starter.stepdefinitions.LogoutSteps.inputValidPassword()&amp#27;[0m
19:44:16.496 [main] DEBUG net.thucydides.core.steps.StepInterceptor - STARTING STEP: LogoutSteps.clickButtonLogin - I click button login for logout
I click button login for logout
19:44:16.497 [main] DEBUG net.thucydides.core.steps.StepInterceptor - STEP DONE: I click button login for logout
19:44:16.510 [main] DEBUG net.thucydides.core.steps.StepInterceptor - STARTING STEP: LogoutSteps.clickButtonLogin - clickLoginButton
19:44:16.525 [main] DEBUG net.thucydides.core.steps.StepInterceptor - STEP DONE: clickLoginButton
  &amp#27;[32mAnd &amp#27;[0m&amp#27;[32mI click button login for logout&amp#27;[0m                          &amp#27;[90m# starter.stepdefinitions.LogoutSteps.clickButtonLogin()&amp#27;[0m
19:44:16.543 [main] DEBUG net.thucydides.core.steps.StepInterceptor - STARTING STEP: LogoutSteps.onTheHomePageForLogout - I am on the home page for logout
I am on the home page for logout
19:44:16.544 [main] DEBUG net.thucydides.core.steps.StepInterceptor - STEP DONE: I am on the home page for logout
19:44:16.549 [main] DEBUG net.thucydides.core.steps.StepInterceptor - STARTING STEP: LogoutSteps.onTheHomePageForLogout - validateOnTheHomePage
19:44:16.557 [main] DEBUG net.thucydides.core.steps.StepInterceptor - STEP DONE: validateOnTheHomePage
  &amp#27;[32mAnd &amp#27;[0m&amp#27;[32mI am on the home page for logout&amp#27;[0m                         &amp#27;[90m# starter.stepdefinitions.LogoutSteps.onTheHomePageForLogout()&amp#27;[0m
19:44:16.570 [main] DEBUG net.thucydides.core.steps.StepInterceptor - STARTING STEP: LogoutSteps.clickIconUserForLogout - I click icon user for logout
I click icon user for logout
19:44:16.571 [main] DEBUG net.thucydides.core.steps.StepInterceptor - STEP DONE: I click icon user for logout
19:44:16.576 [main] DEBUG net.thucydides.core.steps.StepInterceptor - STARTING STEP: LogoutSteps.clickIconUserForLogout - clickIconUser
19:44:16.587 [main] DEBUG net.thucydides.core.steps.StepInterceptor - STEP DONE: clickIconUser
  &amp#27;[32mAnd &amp#27;[0m&amp#27;[32mI click icon user for logout&amp#27;[0m                             &amp#27;[90m# starter.stepdefinitions.LogoutSteps.clickIconUserForLogout()&amp#27;[0m
19:44:16.599 [main] DEBUG net.thucydides.core.steps.StepInterceptor - STARTING STEP: LogoutSteps.clickLogoutButtonForLogout - I click button logout for logout
I click button logout for logout
19:44:16.599 [main] DEBUG net.thucydides.core.steps.StepInterceptor - STEP DONE: I click button logout for logout
19:44:16.604 [main] DEBUG net.thucydides.core.steps.StepInterceptor - STARTING STEP: LogoutSteps.clickLogoutButtonForLogout - clickLogoutButton
19:44:16.616 [main] DEBUG net.thucydides.core.steps.StepInterceptor - STEP DONE: clickLogoutButton
  &amp#27;[32mAnd &amp#27;[0m&amp#27;[32mI click button logout for logout&amp#27;[0m                         &amp#27;[90m# starter.stepdefinitions.LogoutSteps.clickLogoutButtonForLogout()&amp#27;[0m
19:44:16.635 [main] DEBUG net.thucydides.core.steps.StepInterceptor - STARTING STEP: LogoutSteps.onTheHomePageSuccessfullyLogoutForLogout - I am on login page after successfully logout for logout
I am on login page after successfully logout for logout
19:44:16.636 [main] DEBUG net.thucydides.core.steps.StepInterceptor - STEP DONE: I am on login page after successfully logout for logout
19:44:16.695 [main] DEBUG net.thucydides.core.steps.StepInterceptor - STARTING STEP: LogoutSteps.onTheHomePageSuccessfullyLogoutForLogout - validateOnTheLoginPage
19:44:16.741 [main] DEBUG net.thucydides.core.steps.StepInterceptor - STEP DONE: validateOnTheLoginPage
  &amp#27;[32mThen &amp#27;[0m&amp#27;[32mI am on login page after successfully logout for logout&amp#27;[0m &amp#27;[90m# starter.stepdefinitions.LogoutSteps.onTheHomePageSuccessfullyLogoutForLogout()&amp#27;[0m
19:44:16.778 [main] INFO  - 
  _____   ___   ___   _____     ___     _     ___   ___   ___   ___  
 |_   _| | __| / __| |_   _|   | _ \   /_\   / __| / __| | __| |   \ 
   | |   | _|  \__ \   | |     |  _/  / _ \  \__ \ \__ \ | _|  | |) |
   |_|   |___| |___/   |_|     |_|   /_/ \_\ |___/ |___/ |___| |___/ 

As user i able to be successfully logout
----------------------------------------------------------------------
]]></system-out>
  </testcase>
  <testcase name="As user i able to be check my order is empty" classname="Order Check Empty" time="1.55">
    <system-out><![CDATA[19:44:16.796 [main] INFO io.cucumber.core.plugin.SerenityReporter - Running feature from file:///D:/Web_Final%20Project%20KM%20Quality%20Engineer/src/test/resources/features/OrderCheckEmpty.feature
19:44:17.033 [main] DEBUG net.thucydides.core.steps.StepEventBus - Test suite started for story net.thucydides.core.model.Story@c9c72bd2
19:44:17.034 [main] INFO  - Test Suite Started: Order Check Empty

Scenario: As user i able to be check my order is empty  &amp#27;[90m# src/test/resources/features/OrderCheckEmpty.feature:6&amp#27;[0m
19:44:17.196 [main] INFO io.cucumber.core.plugin.SerenityReporter - Running feature from file:///D:/Web_Final%20Project%20KM%20Quality%20Engineer/src/test/resources/features/OrderCheckEmpty.feature
19:44:17.242 [main] INFO  - 
  _____   ___   ___   _____     ___   _____     _     ___   _____   ___   ___  
 |_   _| | __| / __| |_   _|   / __| |_   _|   /_\   | _ \ |_   _| | __| |   \ 
   | |   | _|  \__ \   | |     \__ \   | |    / _ \  |   /   | |   | _|  | |) |
   |_|   |___| |___/   |_|     |___/   |_|   /_/ \_\ |_|_\   |_|   |___| |___/ 

As user i able to be check my order is empty(order-check-empty;as-user-i-able-to-be-check-my-order-is-empty)
--------------------------------------------------------------------------------
19:44:18.250 [main] DEBUG net.thucydides.core.steps.StepInterceptor - STARTING STEP: OrderCheckEmptySteps.onTheHomePage - I am on home page website for order check empty
I am on home page website for order check empty
19:44:18.252 [main] DEBUG net.thucydides.core.steps.StepInterceptor - STEP DONE: I am on home page website for order check empty
19:44:18.260 [main] DEBUG net.thucydides.core.steps.StepInterceptor - STARTING STEP: OrderCheckEmptySteps.onTheHomePage - openPage
19:44:18.261 [main] DEBUG net.thucydides.core.steps.StepInterceptor - STEP DONE: openPage
19:44:18.278 [main] DEBUG net.thucydides.core.steps.StepInterceptor - STARTING STEP: OrderCheckEmptySteps.onTheHomePage - validateOnTheHomePage
19:44:18.285 [main] DEBUG net.thucydides.core.steps.StepInterceptor - STEP DONE: validateOnTheHomePage
  &amp#27;[32mGiven &amp#27;[0m&amp#27;[32mI am on home page website for order check empty&amp#27;[0m &amp#27;[90m# starter.stepdefinitions.OrderCheckEmptySteps.onTheHomePage()&amp#27;[0m
19:44:18.418 [main] DEBUG net.thucydides.core.steps.StepInterceptor - STARTING STEP: OrderCheckEmptySteps.clickIconCart - clickIconCart
19:44:18.459 [main] DEBUG net.thucydides.core.steps.StepInterceptor - STEP DONE: clickIconCart
19:44:18.527 [main] DEBUG net.thucydides.core.steps.StepInterceptor - STARTING STEP: OrderCheckEmptySteps.clickIconCart - I click icon cart for order check empty
I click icon cart for order check empty
19:44:18.528 [main] DEBUG net.thucydides.core.steps.StepInterceptor - STEP DONE: I click icon cart for order check empty
  &amp#27;[32mWhen &amp#27;[0m&amp#27;[32mI click icon cart for order check empty&amp#27;[0m          &amp#27;[90m# starter.stepdefinitions.OrderCheckEmptySteps.clickIconCart()&amp#27;[0m
19:44:18.540 [main] DEBUG net.thucydides.core.steps.StepInterceptor - STARTING STEP: OrderCheckEmptySteps.onTheOrderPage - validateOnTheOrderPage
19:44:18.546 [main] DEBUG net.thucydides.core.steps.StepInterceptor - STEP DONE: validateOnTheOrderPage
19:44:18.553 [main] DEBUG net.thucydides.core.steps.StepInterceptor - STARTING STEP: OrderCheckEmptySteps.onTheOrderPage - I am on the order page for order check empty
I am on the order page for order check empty
19:44:18.555 [main] DEBUG net.thucydides.core.steps.StepInterceptor - STEP DONE: I am on the order page for order check empty
  &amp#27;[32mAnd &amp#27;[0m&amp#27;[32mI am on the order page for order check empty&amp#27;[0m      &amp#27;[90m# starter.stepdefinitions.OrderCheckEmptySteps.onTheOrderPage()&amp#27;[0m
19:44:18.578 [main] DEBUG net.thucydides.core.steps.StepInterceptor - STARTING STEP: OrderCheckEmptySteps.seeOrderIsEmpty - I see my order is empty for order check empty
I am on the order page for order check empty
19:44:18.579 [main] DEBUG net.thucydides.core.steps.StepInterceptor - STEP DONE: I see my order is empty for order check empty
19:44:18.584 [main] DEBUG net.thucydides.core.steps.StepInterceptor - STARTING STEP: OrderCheckEmptySteps.seeOrderIsEmpty - validateOrderIsEmpty
19:44:18.593 [main] DEBUG net.thucydides.core.steps.StepInterceptor - STEP DONE: validateOrderIsEmpty
  &amp#27;[32mThen &amp#27;[0m&amp#27;[32mI see my order is empty for order check empty&amp#27;[0m    &amp#27;[90m# starter.stepdefinitions.OrderCheckEmptySteps.seeOrderIsEmpty()&amp#27;[0m
19:44:18.599 [main] INFO  - 
  _____   ___   ___   _____     ___     _     ___   ___   ___   ___  
 |_   _| | __| / __| |_   _|   | _ \   /_\   / __| / __| | __| |   \ 
   | |   | _|  \__ \   | |     |  _/  / _ \  \__ \ \__ \ | _|  | |) |
   |_|   |___| |___/   |_|     |_|   /_/ \_\ |___/ |___/ |___| |___/ 

As user i able to be check my order is empty
----------------------------------------------------------------------
]]></system-out>
  </testcase>
  <testcase name="As user i able to be check my order is not empty" classname="Order Check Not Empty" time="0.604">
    <system-out><![CDATA[19:44:18.602 [main] INFO io.cucumber.core.plugin.SerenityReporter - Running feature from file:///D:/Web_Final%20Project%20KM%20Quality%20Engineer/src/test/resources/features/OrderCheckNotEmpty.feature
19:44:18.620 [main] DEBUG net.thucydides.core.steps.StepEventBus - Test suite started for story net.thucydides.core.model.Story@575798ed
19:44:18.625 [main] INFO  - Test Suite Started: Order Check Not Empty

Scenario: As user i able to be check my order is not empty           &amp#27;[90m# src/test/resources/features/OrderCheckNotEmpty.feature:6&amp#27;[0m
19:44:18.678 [main] INFO io.cucumber.core.plugin.SerenityReporter - Running feature from file:///D:/Web_Final%20Project%20KM%20Quality%20Engineer/src/test/resources/features/OrderCheckNotEmpty.feature
19:44:18.687 [main] INFO  - 
  _____   ___   ___   _____     ___   _____     _     ___   _____   ___   ___  
 |_   _| | __| / __| |_   _|   / __| |_   _|   /_\   | _ \ |_   _| | __| |   \ 
   | |   | _|  \__ \   | |     \__ \   | |    / _ \  |   /   | |   | _|  | |) |
   |_|   |___| |___/   |_|     |___/   |_|   /_/ \_\ |_|_\   |_|   |___| |___/ 

As user i able to be check my order is not empty(order-check-not-empty;as-user-i-able-to-be-check-my-order-is-not-empty)
--------------------------------------------------------------------------------
19:44:18.994 [main] DEBUG net.thucydides.core.steps.StepInterceptor - STARTING STEP: OrderCheckNotEmptySteps.onTheHomePage - I am on home page website for order check not empty
I am on home page website for order check not empty
19:44:18.995 [main] DEBUG net.thucydides.core.steps.StepInterceptor - STEP DONE: I am on home page website for order check not empty
19:44:19.015 [main] DEBUG net.thucydides.core.steps.StepInterceptor - STARTING STEP: OrderCheckNotEmptySteps.onTheHomePage - openPage
19:44:19.020 [main] DEBUG net.thucydides.core.steps.StepInterceptor - STEP DONE: openPage
19:44:19.037 [main] DEBUG net.thucydides.core.steps.StepInterceptor - STARTING STEP: OrderCheckNotEmptySteps.onTheHomePage - validateOnTheHomePage
19:44:19.046 [main] DEBUG net.thucydides.core.steps.StepInterceptor - STEP DONE: validateOnTheHomePage
  &amp#27;[32mGiven &amp#27;[0m&amp#27;[32mI am on home page website for order check not empty&amp#27;[0m          &amp#27;[90m# starter.stepdefinitions.OrderCheckNotEmptySteps.onTheHomePage()&amp#27;[0m
19:44:19.069 [main] DEBUG net.thucydides.core.steps.StepInterceptor - STARTING STEP: OrderCheckNotEmptySteps.clickButtonBeli - clickButtonBeli
19:44:19.087 [main] DEBUG net.thucydides.core.steps.StepInterceptor - STEP DONE: clickButtonBeli
19:44:19.096 [main] DEBUG net.thucydides.core.steps.StepInterceptor - STARTING STEP: OrderCheckNotEmptySteps.clickButtonBeli - I click button Beli at random stuff for order check not empty
I click button Beli at random stuff for order check not empty
19:44:19.097 [main] DEBUG net.thucydides.core.steps.StepInterceptor - STEP DONE: I click button Beli at random stuff for order check not empty
  &amp#27;[32mWhen &amp#27;[0m&amp#27;[32mI click button Beli at random stuff for order check not empty&amp#27;[0m &amp#27;[90m# starter.stepdefinitions.OrderCheckNotEmptySteps.clickButtonBeli()&amp#27;[0m
19:44:19.116 [main] DEBUG net.thucydides.core.steps.StepInterceptor - STARTING STEP: OrderCheckNotEmptySteps.clickIconCart - clickIconCart
19:44:19.128 [main] DEBUG net.thucydides.core.steps.StepInterceptor - STEP DONE: clickIconCart
19:44:19.134 [main] DEBUG net.thucydides.core.steps.StepInterceptor - STARTING STEP: OrderCheckNotEmptySteps.clickIconCart - I click icon cart for order check not empty
I click icon cart for order check not empty
19:44:19.135 [main] DEBUG net.thucydides.core.steps.StepInterceptor - STEP DONE: I click icon cart for order check not empty
  &amp#27;[32mAnd &amp#27;[0m&amp#27;[32mI click icon cart for order check not empty&amp#27;[0m                    &amp#27;[90m# starter.stepdefinitions.OrderCheckNotEmptySteps.clickIconCart()&amp#27;[0m
19:44:19.155 [main] DEBUG net.thucydides.core.steps.StepInterceptor - STARTING STEP: OrderCheckNotEmptySteps.onTheOrderPage - validateOnTheOrderPage
19:44:19.174 [main] DEBUG net.thucydides.core.steps.StepInterceptor - STEP DONE: validateOnTheOrderPage
19:44:19.182 [main] DEBUG net.thucydides.core.steps.StepInterceptor - STARTING STEP: OrderCheckNotEmptySteps.onTheOrderPage - I am on the order page for order check not empty
I am on the order page for order check not empty
19:44:19.183 [main] DEBUG net.thucydides.core.steps.StepInterceptor - STEP DONE: I am on the order page for order check not empty
  &amp#27;[32mAnd &amp#27;[0m&amp#27;[32mI am on the order page for order check not empty&amp#27;[0m               &amp#27;[90m# starter.stepdefinitions.OrderCheckNotEmptySteps.onTheOrderPage()&amp#27;[0m
19:44:19.198 [main] DEBUG net.thucydides.core.steps.StepInterceptor - STARTING STEP: OrderCheckNotEmptySteps.seeOrderIsNotEmpty - I see my order is not empty for order check not empty
I see my order is not empty for order check not empty
19:44:19.199 [main] DEBUG net.thucydides.core.steps.StepInterceptor - STEP DONE: I see my order is not empty for order check not empty
19:44:19.212 [main] DEBUG net.thucydides.core.steps.StepInterceptor - STARTING STEP: OrderCheckNotEmptySteps.seeOrderIsNotEmpty - validateOrderIsNotEmpty
19:44:19.219 [main] DEBUG net.thucydides.core.steps.StepInterceptor - STEP DONE: validateOrderIsNotEmpty
  &amp#27;[32mThen &amp#27;[0m&amp#27;[32mI see my order is not empty for order check not empty&amp#27;[0m         &amp#27;[90m# starter.stepdefinitions.OrderCheckNotEmptySteps.seeOrderIsNotEmpty()&amp#27;[0m
19:44:19.229 [main] INFO  - 
  _____   ___   ___   _____     ___     _     ___   ___   ___   ___  
 |_   _| | __| / __| |_   _|   | _ \   /_\   / __| / __| | __| |   \ 
   | |   | _|  \__ \   | |     |  _/  / _ \  \__ \ \__ \ | _|  | |) |
   |_|   |___| |___/   |_|     |_|   /_/ \_\ |___/ |___/ |___| |___/ 

As user i able to be check my order is not empty
----------------------------------------------------------------------
]]></system-out>
  </testcase>
  <testcase name="As user i able to be succesfully register" classname="Register" time="0.426">
    <system-out><![CDATA[19:44:19.233 [main] INFO io.cucumber.core.plugin.SerenityReporter - Running feature from file:///D:/Web_Final%20Project%20KM%20Quality%20Engineer/src/test/resources/features/Register.feature
19:44:19.241 [main] DEBUG net.thucydides.core.steps.StepEventBus - Test suite started for story net.thucydides.core.model.Story@30e75088
19:44:19.242 [main] INFO  - Test Suite Started: Register

Scenario: As user i able to be succesfully register &amp#27;[90m# src/test/resources/features/Register.feature:6&amp#27;[0m
19:44:19.332 [main] INFO io.cucumber.core.plugin.SerenityReporter - Running feature from file:///D:/Web_Final%20Project%20KM%20Quality%20Engineer/src/test/resources/features/Register.feature
19:44:19.344 [main] INFO  - 
  _____   ___   ___   _____     ___   _____     _     ___   _____   ___   ___  
 |_   _| | __| / __| |_   _|   / __| |_   _|   /_\   | _ \ |_   _| | __| |   \ 
   | |   | _|  \__ \   | |     \__ \   | |    / _ \  |   /   | |   | _|  | |) |
   |_|   |___| |___/   |_|     |___/   |_|   /_/ \_\ |_|_\   |_|   |___| |___/ 

As user i able to be succesfully register(register;as-user-i-able-to-be-succesfully-register)
--------------------------------------------------------------------------------
19:44:19.550 [main] DEBUG net.thucydides.core.steps.StepInterceptor - STARTING STEP: RegisterSteps.onTheRegisterPage - I am on register page website for register
I am on register page website for register
19:44:19.550 [main] DEBUG net.thucydides.core.steps.StepInterceptor - STEP DONE: I am on register page website for register
19:44:19.553 [main] DEBUG net.thucydides.core.steps.StepInterceptor - STARTING STEP: RegisterSteps.onTheRegisterPage - openPage
19:44:19.554 [main] DEBUG net.thucydides.core.steps.StepInterceptor - STEP DONE: openPage
19:44:19.557 [main] DEBUG net.thucydides.core.steps.StepInterceptor - STARTING STEP: RegisterSteps.onTheRegisterPage - validateOnRegisterPage
19:44:19.561 [main] DEBUG net.thucydides.core.steps.StepInterceptor - STEP DONE: validateOnRegisterPage
  &amp#27;[32mGiven &amp#27;[0m&amp#27;[32mI am on register page website for register&amp#27;[0m  &amp#27;[90m# starter.stepdefinitions.RegisterSteps.onTheRegisterPage()&amp#27;[0m
19:44:19.570 [main] DEBUG net.thucydides.core.steps.StepInterceptor - STARTING STEP: RegisterSteps.inputValidFullname - I am input valid full name for register
I am input valid full name for register
19:44:19.570 [main] DEBUG net.thucydides.core.steps.StepInterceptor - STEP DONE: I am input valid full name for register
19:44:19.574 [main] DEBUG net.thucydides.core.steps.StepInterceptor - STARTING STEP: RegisterSteps.inputValidFullname - inputFullname
19:44:19.579 [main] DEBUG net.thucydides.core.steps.StepInterceptor - STEP DONE: inputFullname
  &amp#27;[32mWhen &amp#27;[0m&amp#27;[32mI am input valid full name for register&amp#27;[0m      &amp#27;[90m# starter.stepdefinitions.RegisterSteps.inputValidFullname()&amp#27;[0m
19:44:19.586 [main] DEBUG net.thucydides.core.steps.StepInterceptor - STARTING STEP: RegisterSteps.inputValidEmail - I am input valid email for register
I am input valid email for register
19:44:19.587 [main] DEBUG net.thucydides.core.steps.StepInterceptor - STEP DONE: I am input valid email for register
19:44:19.590 [main] DEBUG net.thucydides.core.steps.StepInterceptor - STARTING STEP: RegisterSteps.inputValidEmail - inputEmail
19:44:19.595 [main] DEBUG net.thucydides.core.steps.StepInterceptor - STEP DONE: inputEmail
  &amp#27;[32mAnd &amp#27;[0m&amp#27;[32mI am input valid email for register&amp#27;[0m           &amp#27;[90m# starter.stepdefinitions.RegisterSteps.inputValidEmail()&amp#27;[0m
19:44:19.606 [main] DEBUG net.thucydides.core.steps.StepInterceptor - STARTING STEP: RegisterSteps.inputValidPassword - I am input valid password for register
I am input valid password for register
19:44:19.606 [main] DEBUG net.thucydides.core.steps.StepInterceptor - STEP DONE: I am input valid password for register
19:44:19.610 [main] DEBUG net.thucydides.core.steps.StepInterceptor - STARTING STEP: RegisterSteps.inputValidPassword - inputPassword
19:44:19.616 [main] DEBUG net.thucydides.core.steps.StepInterceptor - STEP DONE: inputPassword
  &amp#27;[32mAnd &amp#27;[0m&amp#27;[32mI am input valid password for register&amp#27;[0m        &amp#27;[90m# starter.stepdefinitions.RegisterSteps.inputValidPassword()&amp#27;[0m
19:44:19.634 [main] DEBUG net.thucydides.core.steps.StepInterceptor - STARTING STEP: RegisterSteps.clickButtonRegister - I click button register for register
I click button register for register
19:44:19.634 [main] DEBUG net.thucydides.core.steps.StepInterceptor - STEP DONE: I click button register for register
19:44:19.637 [main] DEBUG net.thucydides.core.steps.StepInterceptor - STARTING STEP: RegisterSteps.clickButtonRegister - clickRegisterButton
19:44:19.647 [main] DEBUG net.thucydides.core.steps.StepInterceptor - STEP DONE: clickRegisterButton
  &amp#27;[32mAnd &amp#27;[0m&amp#27;[32mI click button register for register&amp#27;[0m          &amp#27;[90m# starter.stepdefinitions.RegisterSteps.clickButtonRegister()&amp#27;[0m
19:44:19.656 [main] DEBUG net.thucydides.core.steps.StepInterceptor - STARTING STEP: RegisterSteps.onTheLoginPageForRegister - I am on the login page for register
I am on the login page for register
19:44:19.657 [main] DEBUG net.thucydides.core.steps.StepInterceptor - STEP DONE: I am on the login page for register
19:44:19.659 [main] DEBUG net.thucydides.core.steps.StepInterceptor - STARTING STEP: RegisterSteps.onTheLoginPageForRegister - validateOnTheLoginPage
19:44:19.664 [main] DEBUG net.thucydides.core.steps.StepInterceptor - STEP DONE: validateOnTheLoginPage
  &amp#27;[32mThen &amp#27;[0m&amp#27;[32mI am on the login page for register&amp#27;[0m          &amp#27;[90m# starter.stepdefinitions.RegisterSteps.onTheLoginPageForRegister()&amp#27;[0m
19:44:19.668 [main] INFO  - 
  _____   ___   ___   _____     ___     _     ___   ___   ___   ___  
 |_   _| | __| / __| |_   _|   | _ \   /_\   / __| / __| | __| |   \ 
   | |   | _|  \__ \   | |     |  _/  / _ \  \__ \ \__ \ | _|  | |) |
   |_|   |___| |___/   |_|     |_|   /_/ \_\ |___/ |___/ |___| |___/ 

As user i able to be succesfully register
----------------------------------------------------------------------
]]></system-out>
  </testcase>
</testsuite>